FILE_TYPE=LIBRARY_PARTS;
PRIMITIVE 'SM07B_SRSS_TB_LF__SN_','SM07B_SRSS_TB_LF__SN__Other';
  PIN
    '1':
      PIN_NUMBER='(1)';
      NO_LOAD_CHECK=BOTH;
      NO_IO_CHECK=BOTH;
      ALLOW_CONNECT=TRUE;
      PINUSE='UNSPEC';
    '2':
      PIN_NUMBER='(2)';
      NO_LOAD_CHECK=BOTH;
      NO_IO_CHECK=BOTH;
      ALLOW_CONNECT=TRUE;
      PINUSE='UNSPEC';
    '3':
      PIN_NUMBER='(3)';
      NO_LOAD_CHECK=BOTH;
      NO_IO_CHECK=BOTH;
      ALLOW_CONNECT=TRUE;
      PINUSE='UNSPEC';
    '4':
      PIN_NUMBER='(4)';
      NO_LOAD_CHECK=BOTH;
      NO_IO_CHECK=BOTH;
      ALLOW_CONNECT=TRUE;
      PINUSE='UNSPEC';
    '5':
      PIN_NUMBER='(5)';
      NO_LOAD_CHECK=BOTH;
      NO_IO_CHECK=BOTH;
      ALLOW_CONNECT=TRUE;
      PINUSE='UNSPEC';
    '6':
      PIN_NUMBER='(6)';
      NO_LOAD_CHECK=BOTH;
      NO_IO_CHECK=BOTH;
      ALLOW_CONNECT=TRUE;
      PINUSE='UNSPEC';
    '7':
      PIN_NUMBER='(7)';
      NO_LOAD_CHECK=BOTH;
      NO_IO_CHECK=BOTH;
      ALLOW_CONNECT=TRUE;
      PINUSE='UNSPEC';
    'MP_1':
      PIN_NUMBER='(8)';
      NO_LOAD_CHECK=BOTH;
      NO_IO_CHECK=BOTH;
      ALLOW_CONNECT=TRUE;
      PINUSE='UNSPEC';
    'MP_2':
      PIN_NUMBER='(9)';
      NO_LOAD_CHECK=BOTH;
      NO_IO_CHECK=BOTH;
      ALLOW_CONNECT=TRUE;
      PINUSE='UNSPEC';
  END_PIN;
  BODY
    PART_NAME='SM07B_SRSS_TB_LF__SN_';
    PHYS_DES_PREFIX='J';
    NO_LOAD_CHECK='TRUE';
    PIN_COUNT='9';
    BODY_NAME='SM07B_SRSS_TB_LF__SN_';
    JEDEC_TYPE='SM07BSRSSTBLFSN';
  END_BODY;
END_PRIMITIVE;
END.
